Vivado Simulator v2022.2
Copyright 1986-1999, 2001-2022 Xilinx, Inc. All Rights Reserved.
Running: /remote/labware/packages/xilinx/vivado/2022.2/bin/unwrapped/lnx64.o/xelab --incr --debug typical --relax --mt 8 -L xil_defaultlib -L secureip --snapshot testbench_behav xil_defaultlib.testbench -log elaborate.log 
Using 8 slave threads.
Starting static elaboration
Completed static elaboration
Starting simulation data flow analysis
Completed simulation data flow analysis
Time Resolution for simulation is 1ps
Compiling package std.standard
Compiling package std.textio
Compiling package ieee.std_logic_1164
Compiling package xil_defaultlib.custom_math_package
Compiling package ieee.math_real
Compiling package ieee.numeric_std
Compiling architecture bhv of entity xil_defaultlib.n_to_1_mux [\n_to_1_mux(n=256)\]
Compiling architecture bhv of entity xil_defaultlib.RO_counter [ro_counter_default]
Compiling architecture bhv of entity xil_defaultlib.generic_RO [\generic_RO(number_inv_stages=5)...]
Compiling architecture bhv of entity xil_defaultlib.generic_RO [\generic_RO(number_inv_stages=5,...]
Compiling architecture bhv of entity xil_defaultlib.generic_RO [\generic_RO(number_inv_stages=5,...]
Compiling architecture bhv of entity xil_defaultlib.generic_RO [\generic_RO(number_inv_stages=5,...]
Compiling architecture bhv of entity xil_defaultlib.generic_RO [\generic_RO(number_inv_stages=5,...]
Compiling architecture bhv of entity xil_defaultlib.generic_RO [\generic_RO(number_inv_stages=5,...]
Compiling architecture bhv of entity xil_defaultlib.generic_RO [\generic_RO(number_inv_stages=5,...]
Compiling architecture bhv of entity xil_defaultlib.generic_RO [\generic_RO(number_inv_stages=5,...]
Compiling architecture bhv of entity xil_defaultlib.generic_RO [\generic_RO(number_inv_stages=5,...]
Compiling architecture bhv of entity xil_defaultlib.generic_RO [\generic_RO(number_inv_stages=5,...]
Compiling architecture bhv of entity xil_defaultlib.generic_RO [\generic_RO(number_inv_stages=5,...]
Compiling architecture bhv of entity xil_defaultlib.generic_RO [\generic_RO(number_inv_stages=5,...]
Compiling architecture bhv of entity xil_defaultlib.generic_RO [\generic_RO(number_inv_stages=5,...]
Compiling architecture bhv of entity xil_defaultlib.generic_RO [\generic_RO(number_inv_stages=5,...]
Compiling architecture bhv of entity xil_defaultlib.generic_RO [\generic_RO(number_inv_stages=5,...]
Compiling architecture bhv of entity xil_defaultlib.generic_RO [\generic_RO(number_inv_stages=5,...]
Compiling architecture bhv of entity xil_defaultlib.generic_RO [\generic_RO(number_inv_stages=5,...]
Compiling architecture bhv of entity xil_defaultlib.generic_RO [\generic_RO(number_inv_stages=5,...]
Compiling architecture bhv of entity xil_defaultlib.generic_RO [\generic_RO(number_inv_stages=5,...]
Compiling architecture bhv of entity xil_defaultlib.generic_RO [\generic_RO(number_inv_stages=5,...]
Compiling architecture bhv of entity xil_defaultlib.generic_RO [\generic_RO(number_inv_stages=5,...]
Compiling architecture bhv of entity xil_defaultlib.generic_RO [\generic_RO(number_inv_stages=5,...]
Compiling architecture bhv of entity xil_defaultlib.generic_RO [\generic_RO(number_inv_stages=5,...]
Compiling architecture bhv of entity xil_defaultlib.generic_RO [\generic_RO(number_inv_stages=5,...]
Compiling architecture bhv of entity xil_defaultlib.generic_RO [\generic_RO(number_inv_stages=5,...]
Compiling architecture bhv of entity xil_defaultlib.generic_RO [\generic_RO(number_inv_stages=5,...]
Compiling architecture bhv of entity xil_defaultlib.generic_RO [\generic_RO(number_inv_stages=5,...]
Compiling architecture bhv of entity xil_defaultlib.generic_RO [\generic_RO(number_inv_stages=5,...]
Compiling architecture bhv of entity xil_defaultlib.generic_RO [\generic_RO(number_inv_stages=5,...]
Compiling architecture bhv of entity xil_defaultlib.generic_RO [\generic_RO(number_inv_stages=5,...]
Compiling architecture bhv of entity xil_defaultlib.generic_RO [\generic_RO(number_inv_stages=5,...]
Compiling architecture bhv of entity xil_defaultlib.generic_RO [\generic_RO(number_inv_stages=5,...]
Compiling architecture bhv of entity xil_defaultlib.generic_RO [\generic_RO(number_inv_stages=5,...]
Compiling architecture bhv of entity xil_defaultlib.generic_RO [\generic_RO(number_inv_stages=5,...]
Compiling architecture bhv of entity xil_defaultlib.generic_RO [\generic_RO(number_inv_stages=5,...]
Compiling architecture bhv of entity xil_defaultlib.generic_RO [\generic_RO(number_inv_stages=5,...]
Compiling architecture bhv of entity xil_defaultlib.generic_RO [\generic_RO(number_inv_stages=5,...]
Compiling architecture bhv of entity xil_defaultlib.generic_RO [\generic_RO(number_inv_stages=5,...]
Compiling architecture bhv of entity xil_defaultlib.generic_RO [\generic_RO(number_inv_stages=5,...]
Compiling architecture bhv of entity xil_defaultlib.generic_RO [\generic_RO(number_inv_stages=5,...]
Compiling architecture bhv of entity xil_defaultlib.generic_RO [\generic_RO(number_inv_stages=5,...]
Compiling architecture bhv of entity xil_defaultlib.generic_RO [\generic_RO(number_inv_stages=5,...]
Compiling architecture bhv of entity xil_defaultlib.generic_RO [\generic_RO(number_inv_stages=5,...]
Compiling architecture bhv of entity xil_defaultlib.generic_RO [\generic_RO(number_inv_stages=5,...]
Compiling architecture bhv of entity xil_defaultlib.generic_RO [\generic_RO(number_inv_stages=5,...]
Compiling architecture bhv of entity xil_defaultlib.generic_RO [\generic_RO(number_inv_stages=5,...]
Compiling architecture bhv of entity xil_defaultlib.generic_RO [\generic_RO(number_inv_stages=5,...]
Compiling architecture bhv of entity xil_defaultlib.generic_RO [\generic_RO(number_inv_stages=5,...]
Compiling architecture bhv of entity xil_defaultlib.generic_RO [\generic_RO(number_inv_stages=5,...]
Compiling architecture bhv of entity xil_defaultlib.generic_RO [\generic_RO(number_inv_stages=5,...]
Compiling architecture bhv of entity xil_defaultlib.generic_RO [\generic_RO(number_inv_stages=5,...]
Compiling architecture bhv of entity xil_defaultlib.generic_RO [\generic_RO(number_inv_stages=5,...]
Compiling architecture bhv of entity xil_defaultlib.generic_RO [\generic_RO(number_inv_stages=5,...]
Compiling architecture bhv of entity xil_defaultlib.generic_RO [\generic_RO(number_inv_stages=5,...]
Compiling architecture bhv of entity xil_defaultlib.generic_RO [\generic_RO(number_inv_stages=5,...]
Compiling architecture bhv of entity xil_defaultlib.generic_RO [\generic_RO(number_inv_stages=5,...]
Compiling architecture bhv of entity xil_defaultlib.generic_RO [\generic_RO(number_inv_stages=5,...]
Compiling architecture bhv of entity xil_defaultlib.generic_RO [\generic_RO(number_inv_stages=5,...]
Compiling architecture bhv of entity xil_defaultlib.generic_RO [\generic_RO(number_inv_stages=5,...]
Compiling architecture bhv of entity xil_defaultlib.generic_RO [\generic_RO(number_inv_stages=5,...]
Compiling architecture bhv of entity xil_defaultlib.generic_RO [\generic_RO(number_inv_stages=5,...]
Compiling architecture bhv of entity xil_defaultlib.generic_RO [\generic_RO(number_inv_stages=5,...]
Compiling architecture bhv of entity xil_defaultlib.generic_RO [\generic_RO(number_inv_stages=5,...]
Compiling architecture bhv of entity xil_defaultlib.generic_RO [\generic_RO(number_inv_stages=5,...]
Compiling architecture bhv of entity xil_defaultlib.generic_RO [\generic_RO(number_inv_stages=5,...]
Compiling architecture bhv of entity xil_defaultlib.generic_RO [\generic_RO(number_inv_stages=5,...]
Compiling architecture bhv of entity xil_defaultlib.generic_RO [\generic_RO(number_inv_stages=5,...]
Compiling architecture bhv of entity xil_defaultlib.generic_RO [\generic_RO(number_inv_stages=5,...]
Compiling architecture bhv of entity xil_defaultlib.generic_RO [\generic_RO(number_inv_stages=5,...]
Compiling architecture bhv of entity xil_defaultlib.generic_RO [\generic_RO(number_inv_stages=5,...]
Compiling architecture bhv of entity xil_defaultlib.generic_RO [\generic_RO(number_inv_stages=5,...]
Compiling architecture bhv of entity xil_defaultlib.generic_RO [\generic_RO(number_inv_stages=5,...]
Compiling architecture bhv of entity xil_defaultlib.generic_RO [\generic_RO(number_inv_stages=5,...]
Compiling architecture bhv of entity xil_defaultlib.generic_RO [\generic_RO(number_inv_stages=5,...]
Compiling architecture bhv of entity xil_defaultlib.generic_RO [\generic_RO(number_inv_stages=5,...]
Compiling architecture bhv of entity xil_defaultlib.generic_RO [\generic_RO(number_inv_stages=5,...]
Compiling architecture bhv of entity xil_defaultlib.generic_RO [\generic_RO(number_inv_stages=5,...]
Compiling architecture bhv of entity xil_defaultlib.generic_RO [\generic_RO(number_inv_stages=5,...]
Compiling architecture bhv of entity xil_defaultlib.generic_RO [\generic_RO(number_inv_stages=5,...]
Compiling architecture bhv of entity xil_defaultlib.generic_RO [\generic_RO(number_inv_stages=5,...]
Compiling architecture bhv of entity xil_defaultlib.generic_RO [\generic_RO(number_inv_stages=5,...]
Compiling architecture bhv of entity xil_defaultlib.generic_RO [\generic_RO(number_inv_stages=5,...]
Compiling architecture bhv of entity xil_defaultlib.generic_RO [\generic_RO(number_inv_stages=5,...]
Compiling architecture bhv of entity xil_defaultlib.generic_RO [\generic_RO(number_inv_stages=5,...]
Compiling architecture bhv of entity xil_defaultlib.generic_RO [\generic_RO(number_inv_stages=5,...]
Compiling architecture bhv of entity xil_defaultlib.generic_RO [\generic_RO(number_inv_stages=5,...]
Compiling architecture bhv of entity xil_defaultlib.generic_RO [\generic_RO(number_inv_stages=5,...]
Compiling architecture bhv of entity xil_defaultlib.generic_RO [\generic_RO(number_inv_stages=5,...]
Compiling architecture bhv of entity xil_defaultlib.generic_RO [\generic_RO(number_inv_stages=5,...]
Compiling architecture bhv of entity xil_defaultlib.generic_RO [\generic_RO(number_inv_stages=5,...]
Compiling architecture bhv of entity xil_defaultlib.generic_RO [\generic_RO(number_inv_stages=5,...]
Compiling architecture bhv of entity xil_defaultlib.generic_RO [\generic_RO(number_inv_stages=5,...]
Compiling architecture bhv of entity xil_defaultlib.generic_RO [\generic_RO(number_inv_stages=5,...]
Compiling architecture bhv of entity xil_defaultlib.generic_RO [\generic_RO(number_inv_stages=5,...]
Compiling architecture bhv of entity xil_defaultlib.generic_RO [\generic_RO(number_inv_stages=5,...]
Compiling architecture bhv of entity xil_defaultlib.generic_RO [\generic_RO(number_inv_stages=5,...]
Compiling architecture bhv of entity xil_defaultlib.generic_RO [\generic_RO(number_inv_stages=5,...]
Compiling architecture bhv of entity xil_defaultlib.generic_RO [\generic_RO(number_inv_stages=5,...]
Compiling architecture bhv of entity xil_defaultlib.generic_RO [\generic_RO(number_inv_stages=5,...]
Compiling architecture bhv of entity xil_defaultlib.generic_RO [\generic_RO(number_inv_stages=5,...]
Compiling architecture bhv of entity xil_defaultlib.generic_RO [\generic_RO(number_inv_stages=5,...]
Compiling architecture bhv of entity xil_defaultlib.generic_RO [\generic_RO(number_inv_stages=5,...]
Compiling architecture bhv of entity xil_defaultlib.generic_RO [\generic_RO(number_inv_stages=5,...]
Compiling architecture bhv of entity xil_defaultlib.generic_RO [\generic_RO(number_inv_stages=5,...]
Compiling architecture bhv of entity xil_defaultlib.generic_RO [\generic_RO(number_inv_stages=5,...]
Compiling architecture bhv of entity xil_defaultlib.generic_RO [\generic_RO(number_inv_stages=5,...]
Compiling architecture bhv of entity xil_defaultlib.generic_RO [\generic_RO(number_inv_stages=5,...]
Compiling architecture bhv of entity xil_defaultlib.generic_RO [\generic_RO(number_inv_stages=5,...]
Compiling architecture bhv of entity xil_defaultlib.generic_RO [\generic_RO(number_inv_stages=5,...]
Compiling architecture bhv of entity xil_defaultlib.generic_RO [\generic_RO(number_inv_stages=5,...]
Compiling architecture bhv of entity xil_defaultlib.generic_RO [\generic_RO(number_inv_stages=5,...]
Compiling architecture bhv of entity xil_defaultlib.generic_RO [\generic_RO(number_inv_stages=5,...]
Compiling architecture bhv of entity xil_defaultlib.generic_RO [\generic_RO(number_inv_stages=5,...]
Compiling architecture bhv of entity xil_defaultlib.generic_RO [\generic_RO(number_inv_stages=5,...]
Compiling architecture bhv of entity xil_defaultlib.generic_RO [\generic_RO(number_inv_stages=5,...]
Compiling architecture bhv of entity xil_defaultlib.generic_RO [\generic_RO(number_inv_stages=5,...]
Compiling architecture bhv of entity xil_defaultlib.generic_RO [\generic_RO(number_inv_stages=5,...]
Compiling architecture bhv of entity xil_defaultlib.generic_RO [\generic_RO(number_inv_stages=5,...]
Compiling architecture bhv of entity xil_defaultlib.generic_RO [\generic_RO(number_inv_stages=5,...]
Compiling architecture bhv of entity xil_defaultlib.generic_RO [\generic_RO(number_inv_stages=5,...]
Compiling architecture bhv of entity xil_defaultlib.generic_RO [\generic_RO(number_inv_stages=5,...]
Compiling architecture bhv of entity xil_defaultlib.generic_RO [\generic_RO(number_inv_stages=5,...]
Compiling architecture bhv of entity xil_defaultlib.generic_RO [\generic_RO(number_inv_stages=5,...]
Compiling architecture bhv of entity xil_defaultlib.generic_RO [\generic_RO(number_inv_stages=5,...]
Compiling architecture bhv of entity xil_defaultlib.generic_RO [\generic_RO(number_inv_stages=5,...]
Compiling architecture bhv of entity xil_defaultlib.generic_RO [\generic_RO(number_inv_stages=5,...]
Compiling architecture bhv of entity xil_defaultlib.generic_RO [\generic_RO(number_inv_stages=5,...]
Compiling architecture bhv of entity xil_defaultlib.generic_RO [\generic_RO(number_inv_stages=5,...]
Compiling architecture bhv of entity xil_defaultlib.generic_RO [\generic_RO(number_inv_stages=5,...]
Compiling architecture bhv of entity xil_defaultlib.generic_RO [\generic_RO(number_inv_stages=5,...]
Compiling architecture bhv of entity xil_defaultlib.generic_RO [\generic_RO(number_inv_stages=5,...]
Compiling architecture bhv of entity xil_defaultlib.generic_RO [\generic_RO(number_inv_stages=5,...]
Compiling architecture bhv of entity xil_defaultlib.generic_RO [\generic_RO(number_inv_stages=5,...]
Compiling architecture bhv of entity xil_defaultlib.generic_RO [\generic_RO(number_inv_stages=5,...]
Compiling architecture bhv of entity xil_defaultlib.generic_RO [\generic_RO(number_inv_stages=5,...]
Compiling architecture bhv of entity xil_defaultlib.generic_RO [\generic_RO(number_inv_stages=5,...]
Compiling architecture bhv of entity xil_defaultlib.generic_RO [\generic_RO(number_inv_stages=5,...]
Compiling architecture bhv of entity xil_defaultlib.generic_RO [\generic_RO(number_inv_stages=5,...]
Compiling architecture bhv of entity xil_defaultlib.generic_RO [\generic_RO(number_inv_stages=5,...]
Compiling architecture bhv of entity xil_defaultlib.generic_RO [\generic_RO(number_inv_stages=5,...]
Compiling architecture bhv of entity xil_defaultlib.generic_RO [\generic_RO(number_inv_stages=5,...]
Compiling architecture bhv of entity xil_defaultlib.generic_RO [\generic_RO(number_inv_stages=5,...]
Compiling architecture bhv of entity xil_defaultlib.generic_RO [\generic_RO(number_inv_stages=5,...]
Compiling architecture bhv of entity xil_defaultlib.generic_RO [\generic_RO(number_inv_stages=5,...]
Compiling architecture bhv of entity xil_defaultlib.generic_RO [\generic_RO(number_inv_stages=5,...]
Compiling architecture bhv of entity xil_defaultlib.generic_RO [\generic_RO(number_inv_stages=5,...]
Compiling architecture bhv of entity xil_defaultlib.generic_RO [\generic_RO(number_inv_stages=5,...]
Compiling architecture bhv of entity xil_defaultlib.generic_RO [\generic_RO(number_inv_stages=5,...]
Compiling architecture bhv of entity xil_defaultlib.generic_RO [\generic_RO(number_inv_stages=5,...]
Compiling architecture bhv of entity xil_defaultlib.generic_RO [\generic_RO(number_inv_stages=5,...]
Compiling architecture bhv of entity xil_defaultlib.generic_RO [\generic_RO(number_inv_stages=5,...]
Compiling architecture bhv of entity xil_defaultlib.generic_RO [\generic_RO(number_inv_stages=5,...]
Compiling architecture bhv of entity xil_defaultlib.generic_RO [\generic_RO(number_inv_stages=5,...]
Compiling architecture bhv of entity xil_defaultlib.generic_RO [\generic_RO(number_inv_stages=5,...]
Compiling architecture bhv of entity xil_defaultlib.generic_RO [\generic_RO(number_inv_stages=5,...]
Compiling architecture bhv of entity xil_defaultlib.generic_RO [\generic_RO(number_inv_stages=5,...]
Compiling architecture bhv of entity xil_defaultlib.generic_RO [\generic_RO(number_inv_stages=5,...]
Compiling architecture bhv of entity xil_defaultlib.generic_RO [\generic_RO(number_inv_stages=5,...]
Compiling architecture bhv of entity xil_defaultlib.generic_RO [\generic_RO(number_inv_stages=5,...]
Compiling architecture bhv of entity xil_defaultlib.generic_RO [\generic_RO(number_inv_stages=5,...]
Compiling architecture bhv of entity xil_defaultlib.generic_RO [\generic_RO(number_inv_stages=5,...]
Compiling architecture bhv of entity xil_defaultlib.generic_RO [\generic_RO(number_inv_stages=5,...]
Compiling architecture bhv of entity xil_defaultlib.generic_RO [\generic_RO(number_inv_stages=5,...]
Compiling architecture bhv of entity xil_defaultlib.generic_RO [\generic_RO(number_inv_stages=5,...]
Compiling architecture bhv of entity xil_defaultlib.generic_RO [\generic_RO(number_inv_stages=5,...]
Compiling architecture bhv of entity xil_defaultlib.generic_RO [\generic_RO(number_inv_stages=5,...]
Compiling architecture bhv of entity xil_defaultlib.generic_RO [\generic_RO(number_inv_stages=5,...]
Compiling architecture bhv of entity xil_defaultlib.generic_RO [\generic_RO(number_inv_stages=5,...]
Compiling architecture bhv of entity xil_defaultlib.generic_RO [\generic_RO(number_inv_stages=5,...]
Compiling architecture bhv of entity xil_defaultlib.generic_RO [\generic_RO(number_inv_stages=5,...]
Compiling architecture bhv of entity xil_defaultlib.generic_RO [\generic_RO(number_inv_stages=5,...]
Compiling architecture bhv of entity xil_defaultlib.generic_RO [\generic_RO(number_inv_stages=5,...]
Compiling architecture bhv of entity xil_defaultlib.generic_RO [\generic_RO(number_inv_stages=5,...]
Compiling architecture bhv of entity xil_defaultlib.generic_RO [\generic_RO(number_inv_stages=5,...]
Compiling architecture bhv of entity xil_defaultlib.generic_RO [\generic_RO(number_inv_stages=5,...]
Compiling architecture bhv of entity xil_defaultlib.generic_RO [\generic_RO(number_inv_stages=5,...]
Compiling architecture bhv of entity xil_defaultlib.generic_RO [\generic_RO(number_inv_stages=5,...]
Compiling architecture bhv of entity xil_defaultlib.generic_RO [\generic_RO(number_inv_stages=5,...]
Compiling architecture bhv of entity xil_defaultlib.generic_RO [\generic_RO(number_inv_stages=5,...]
Compiling architecture bhv of entity xil_defaultlib.generic_RO [\generic_RO(number_inv_stages=5,...]
Compiling architecture bhv of entity xil_defaultlib.generic_RO [\generic_RO(number_inv_stages=5,...]
Compiling architecture bhv of entity xil_defaultlib.generic_RO [\generic_RO(number_inv_stages=5,...]
Compiling architecture bhv of entity xil_defaultlib.generic_RO [\generic_RO(number_inv_stages=5,...]
Compiling architecture bhv of entity xil_defaultlib.generic_RO [\generic_RO(number_inv_stages=5,...]
Compiling architecture bhv of entity xil_defaultlib.generic_RO [\generic_RO(number_inv_stages=5,...]
Compiling architecture bhv of entity xil_defaultlib.generic_RO [\generic_RO(number_inv_stages=5,...]
Compiling architecture bhv of entity xil_defaultlib.generic_RO [\generic_RO(number_inv_stages=5,...]
Compiling architecture bhv of entity xil_defaultlib.generic_RO [\generic_RO(number_inv_stages=5,...]
Compiling architecture bhv of entity xil_defaultlib.generic_RO [\generic_RO(number_inv_stages=5,...]
Compiling architecture bhv of entity xil_defaultlib.generic_RO [\generic_RO(number_inv_stages=5,...]
Compiling architecture bhv of entity xil_defaultlib.generic_RO [\generic_RO(number_inv_stages=5,...]
Compiling architecture bhv of entity xil_defaultlib.generic_RO [\generic_RO(number_inv_stages=5,...]
Compiling architecture bhv of entity xil_defaultlib.generic_RO [\generic_RO(number_inv_stages=5,...]
Compiling architecture bhv of entity xil_defaultlib.generic_RO [\generic_RO(number_inv_stages=5,...]
Compiling architecture bhv of entity xil_defaultlib.generic_RO [\generic_RO(number_inv_stages=5,...]
Compiling architecture bhv of entity xil_defaultlib.generic_RO [\generic_RO(number_inv_stages=5,...]
Compiling architecture bhv of entity xil_defaultlib.generic_RO [\generic_RO(number_inv_stages=5,...]
Compiling architecture bhv of entity xil_defaultlib.generic_RO [\generic_RO(number_inv_stages=5,...]
Compiling architecture bhv of entity xil_defaultlib.generic_RO [\generic_RO(number_inv_stages=5,...]
Compiling architecture bhv of entity xil_defaultlib.generic_RO [\generic_RO(number_inv_stages=5,...]
Compiling architecture bhv of entity xil_defaultlib.generic_RO [\generic_RO(number_inv_stages=5,...]
Compiling architecture bhv of entity xil_defaultlib.generic_RO [\generic_RO(number_inv_stages=5,...]
Compiling architecture bhv of entity xil_defaultlib.generic_RO [\generic_RO(number_inv_stages=5,...]
Compiling architecture bhv of entity xil_defaultlib.generic_RO [\generic_RO(number_inv_stages=5,...]
Compiling architecture bhv of entity xil_defaultlib.generic_RO [\generic_RO(number_inv_stages=5,...]
Compiling architecture bhv of entity xil_defaultlib.generic_RO [\generic_RO(number_inv_stages=5,...]
Compiling architecture bhv of entity xil_defaultlib.generic_RO [\generic_RO(number_inv_stages=5,...]
Compiling architecture bhv of entity xil_defaultlib.generic_RO [\generic_RO(number_inv_stages=5,...]
Compiling architecture bhv of entity xil_defaultlib.generic_RO [\generic_RO(number_inv_stages=5,...]
Compiling architecture bhv of entity xil_defaultlib.generic_RO [\generic_RO(number_inv_stages=5,...]
Compiling architecture bhv of entity xil_defaultlib.generic_RO [\generic_RO(number_inv_stages=5,...]
Compiling architecture bhv of entity xil_defaultlib.generic_RO [\generic_RO(number_inv_stages=5,...]
Compiling architecture bhv of entity xil_defaultlib.generic_RO [\generic_RO(number_inv_stages=5,...]
Compiling architecture bhv of entity xil_defaultlib.generic_RO [\generic_RO(number_inv_stages=5,...]
Compiling architecture bhv of entity xil_defaultlib.generic_RO [\generic_RO(number_inv_stages=5,...]
Compiling architecture bhv of entity xil_defaultlib.generic_RO [\generic_RO(number_inv_stages=5,...]
Compiling architecture bhv of entity xil_defaultlib.generic_RO [\generic_RO(number_inv_stages=5,...]
Compiling architecture bhv of entity xil_defaultlib.generic_RO [\generic_RO(number_inv_stages=5,...]
Compiling architecture bhv of entity xil_defaultlib.generic_RO [\generic_RO(number_inv_stages=5,...]
Compiling architecture bhv of entity xil_defaultlib.generic_RO [\generic_RO(number_inv_stages=5,...]
Compiling architecture bhv of entity xil_defaultlib.generic_RO [\generic_RO(number_inv_stages=5,...]
Compiling architecture bhv of entity xil_defaultlib.generic_RO [\generic_RO(number_inv_stages=5,...]
Compiling architecture bhv of entity xil_defaultlib.generic_RO [\generic_RO(number_inv_stages=5,...]
Compiling architecture bhv of entity xil_defaultlib.generic_RO [\generic_RO(number_inv_stages=5,...]
Compiling architecture bhv of entity xil_defaultlib.generic_RO [\generic_RO(number_inv_stages=5,...]
Compiling architecture bhv of entity xil_defaultlib.generic_RO [\generic_RO(number_inv_stages=5,...]
Compiling architecture bhv of entity xil_defaultlib.generic_RO [\generic_RO(number_inv_stages=5,...]
Compiling architecture bhv of entity xil_defaultlib.generic_RO [\generic_RO(number_inv_stages=5,...]
Compiling architecture bhv of entity xil_defaultlib.generic_RO [\generic_RO(number_inv_stages=5,...]
Compiling architecture bhv of entity xil_defaultlib.generic_RO [\generic_RO(number_inv_stages=5,...]
Compiling architecture bhv of entity xil_defaultlib.generic_RO [\generic_RO(number_inv_stages=5,...]
Compiling architecture bhv of entity xil_defaultlib.generic_RO [\generic_RO(number_inv_stages=5,...]
Compiling architecture bhv of entity xil_defaultlib.generic_RO [\generic_RO(number_inv_stages=5,...]
Compiling architecture bhv of entity xil_defaultlib.generic_RO [\generic_RO(number_inv_stages=5,...]
Compiling architecture bhv of entity xil_defaultlib.generic_RO [\generic_RO(number_inv_stages=5,...]
Compiling architecture bhv of entity xil_defaultlib.generic_RO [\generic_RO(number_inv_stages=5,...]
Compiling architecture bhv of entity xil_defaultlib.generic_RO [\generic_RO(number_inv_stages=5,...]
Compiling architecture bhv of entity xil_defaultlib.generic_RO [\generic_RO(number_inv_stages=5,...]
Compiling architecture bhv of entity xil_defaultlib.generic_RO [\generic_RO(number_inv_stages=5,...]
Compiling architecture bhv of entity xil_defaultlib.generic_RO [\generic_RO(number_inv_stages=5,...]
Compiling architecture bhv of entity xil_defaultlib.generic_RO [\generic_RO(number_inv_stages=5,...]
Compiling architecture bhv of entity xil_defaultlib.generic_RO [\generic_RO(number_inv_stages=5,...]
Compiling architecture bhv of entity xil_defaultlib.generic_RO [\generic_RO(number_inv_stages=5,...]
Compiling architecture bhv of entity xil_defaultlib.generic_RO [\generic_RO(number_inv_stages=5,...]
Compiling architecture bhv of entity xil_defaultlib.generic_RO [\generic_RO(number_inv_stages=5,...]
Compiling architecture bhv of entity xil_defaultlib.generic_RO [\generic_RO(number_inv_stages=5,...]
Compiling architecture bhv of entity xil_defaultlib.generic_RO [\generic_RO(number_inv_stages=5,...]
Compiling architecture bhv of entity xil_defaultlib.generic_RO [\generic_RO(number_inv_stages=5,...]
Compiling architecture bhv of entity xil_defaultlib.generic_RO [\generic_RO(number_inv_stages=5,...]
Compiling architecture bhv of entity xil_defaultlib.generic_RO [\generic_RO(number_inv_stages=5,...]
Compiling architecture bhv of entity xil_defaultlib.generic_RO [\generic_RO(number_inv_stages=5,...]
Compiling architecture bhv of entity xil_defaultlib.generic_RO [\generic_RO(number_inv_stages=5,...]
Compiling architecture bhv of entity xil_defaultlib.generic_RO [\generic_RO(number_inv_stages=5,...]
Compiling architecture bhv of entity xil_defaultlib.generic_RO [\generic_RO(number_inv_stages=5,...]
Compiling architecture bhv of entity xil_defaultlib.generic_RO [\generic_RO(number_inv_stages=5,...]
Compiling architecture bhv of entity xil_defaultlib.generic_RO [\generic_RO(number_inv_stages=5,...]
Compiling architecture bhv of entity xil_defaultlib.RO_array [\RO_array(number_inv_stages=5,nu...]
Compiling architecture bhv of entity xil_defaultlib.RO_enable_decoder [\RO_enable_decoder(number_of_ros...]
Compiling architecture bhv of entity xil_defaultlib.output_comparator [\output_comparator(wait_ns=1000)...]
Compiling architecture bhv of entity xil_defaultlib.simple_RO_PUF [\simple_RO_PUF(number_of_invs=5,...]
Compiling architecture bhv of entity xil_defaultlib.AXIS_input_handler [\AXIS_input_handler(number_of_ro...]
Compiling architecture bhv of entity xil_defaultlib.AXIS_output_handler [axis_output_handler_default]
Compiling architecture bhv of entity xil_defaultlib.RO_PUF [\RO_PUF(number_of_invs=5)\]
Compiling architecture bhv of entity xil_defaultlib.testbench
Built simulation snapshot testbench_behav
