INFO: [VRFC 10-163] Analyzing VHDL file "/home/s2614189/ip_repo/ROPUF_1_0/src/custom_math_package.vhd" into library xil_defaultlib
INFO: [VRFC 10-163] Analyzing VHDL file "/home/s2614189/ip_repo/ROPUF_1_0/src/AXIS_input_handler.vhd" into library xil_defaultlib
INFO: [VRFC 10-3107] analyzing entity 'AXIS_input_handler'
INFO: [VRFC 10-163] Analyzing VHDL file "/home/s2614189/ip_repo/ROPUF_1_0/src/AXIS_output_handler.vhd" into library xil_defaultlib
INFO: [VRFC 10-3107] analyzing entity 'AXIS_output_handler'
INFO: [VRFC 10-163] Analyzing VHDL file "/home/s2614189/ip_repo/ROPUF_1_0/src/RO_PUF.vhd" into library xil_defaultlib
INFO: [VRFC 10-3107] analyzing entity 'RO_PUF'
INFO: [VRFC 10-163] Analyzing VHDL file "/home/s2614189/ip_repo/ROPUF_1_0/src/RO_array.vhd" into library xil_defaultlib
INFO: [VRFC 10-3107] analyzing entity 'RO_array'
INFO: [VRFC 10-163] Analyzing VHDL file "/home/s2614189/ip_repo/ROPUF_1_0/src/RO_counter.vhd" into library xil_defaultlib
INFO: [VRFC 10-3107] analyzing entity 'RO_counter'
INFO: [VRFC 10-163] Analyzing VHDL file "/home/s2614189/ip_repo/ROPUF_1_0/src/RO_enable_decoder.vhd" into library xil_defaultlib
INFO: [VRFC 10-3107] analyzing entity 'RO_enable_decoder'
INFO: [VRFC 10-163] Analyzing VHDL file "/home/s2614189/ip_repo/ROPUF_1_0/src/generic_RO.vhd" into library xil_defaultlib
INFO: [VRFC 10-3107] analyzing entity 'generic_RO'
INFO: [VRFC 10-163] Analyzing VHDL file "/home/s2614189/ip_repo/ROPUF_1_0/src/n_to_1_mux.vhd" into library xil_defaultlib
INFO: [VRFC 10-3107] analyzing entity 'n_to_1_mux'
INFO: [VRFC 10-163] Analyzing VHDL file "/home/s2614189/ip_repo/ROPUF_1_0/src/output_comparator.vhd" into library xil_defaultlib
INFO: [VRFC 10-3107] analyzing entity 'output_comparator'
INFO: [VRFC 10-163] Analyzing VHDL file "/home/s2614189/ip_repo/ROPUF_1_0/src/simple_RO_PUF.vhd" into library xil_defaultlib
INFO: [VRFC 10-3107] analyzing entity 'simple_RO_PUF'
INFO: [VRFC 10-163] Analyzing VHDL file "/home/s2614189/ip_repo/ROPUF_1_0/src/testbench.vhd" into library xil_defaultlib
INFO: [VRFC 10-3107] analyzing entity 'testbench'
