Copyright 1986-2022 Xilinx, Inc. All Rights Reserved.
-----------------------------------------------------------------------------------------
| Tool Version : Vivado v.2022.2 (lin64) Build 3671981 Fri Oct 14 04:59:54 MDT 2022
| Date         : Sun Jun 11 19:37:54 2023
| Host         : xoc2.ewi.utwente.nl running 64-bit CentOS Linux release 7.9.2009 (Core)
| Command      : upgrade_ip
| Device       : xck26-sfvc784-2LV-c
-----------------------------------------------------------------------------------------

Upgrade Log for IP 'system_ROPUF_3_0'

1. Summary
----------

SUCCESS in the upgrade of system_ROPUF_3_0 (caes:user:ROPUF:1.0) from (Rev. 12) to (Rev. 13)






Copyright 1986-2022 Xilinx, Inc. All Rights Reserved.
-----------------------------------------------------------------------------------------
| Tool Version : Vivado v.2022.2 (lin64) Build 3671981 Fri Oct 14 04:59:54 MDT 2022
| Date         : Sun Jun 11 19:37:54 2023
| Host         : xoc2.ewi.utwente.nl running 64-bit CentOS Linux release 7.9.2009 (Core)
| Command      : upgrade_ip
| Device       : xck26-sfvc784-2LV-c
-----------------------------------------------------------------------------------------

Upgrade Log for IP 'system_ROPUF_2_0'

1. Summary
----------

SUCCESS in the upgrade of system_ROPUF_2_0 (caes:user:ROPUF:1.0) from (Rev. 12) to (Rev. 13)






Copyright 1986-2022 Xilinx, Inc. All Rights Reserved.
-----------------------------------------------------------------------------------------
| Tool Version : Vivado v.2022.2 (lin64) Build 3671981 Fri Oct 14 04:59:54 MDT 2022
| Date         : Sun Jun 11 19:37:54 2023
| Host         : xoc2.ewi.utwente.nl running 64-bit CentOS Linux release 7.9.2009 (Core)
| Command      : upgrade_ip
| Device       : xck26-sfvc784-2LV-c
-----------------------------------------------------------------------------------------

Upgrade Log for IP 'system_ROPUF_1_0'

1. Summary
----------

SUCCESS in the upgrade of system_ROPUF_1_0 (caes:user:ROPUF:1.0) from (Rev. 12) to (Rev. 13)






Copyright 1986-2022 Xilinx, Inc. All Rights Reserved.
-----------------------------------------------------------------------------------------
| Tool Version : Vivado v.2022.2 (lin64) Build 3671981 Fri Oct 14 04:59:54 MDT 2022
| Date         : Sun Jun 11 19:37:53 2023
| Host         : xoc2.ewi.utwente.nl running 64-bit CentOS Linux release 7.9.2009 (Core)
| Command      : upgrade_ip
| Device       : xck26-sfvc784-2LV-c
-----------------------------------------------------------------------------------------

Upgrade Log for IP 'system_ROPUF_0_4'

1. Summary
----------

SUCCESS in the upgrade of system_ROPUF_0_4 (caes:user:ROPUF:1.0) from (Rev. 12) to (Rev. 13)






Copyright 1986-2022 Xilinx, Inc. All Rights Reserved.
-----------------------------------------------------------------------------------------
| Tool Version : Vivado v.2022.2 (lin64) Build 3671981 Fri Oct 14 04:59:54 MDT 2022
| Date         : Sat Jun 10 17:52:46 2023
| Host         : xoc2.ewi.utwente.nl running 64-bit CentOS Linux release 7.9.2009 (Core)
| Command      : upgrade_ip
| Device       : xck26-sfvc784-2LV-c
-----------------------------------------------------------------------------------------

Upgrade Log for IP 'system_ROPUF_7_0'

1. Summary
----------

SUCCESS in the upgrade of system_ROPUF_7_0 (caes:user:ROPUF:1.0) from (Rev. 11) to (Rev. 12)






Copyright 1986-2022 Xilinx, Inc. All Rights Reserved.
-----------------------------------------------------------------------------------------
| Tool Version : Vivado v.2022.2 (lin64) Build 3671981 Fri Oct 14 04:59:54 MDT 2022
| Date         : Sat Jun 10 17:52:45 2023
| Host         : xoc2.ewi.utwente.nl running 64-bit CentOS Linux release 7.9.2009 (Core)
| Command      : upgrade_ip
| Device       : xck26-sfvc784-2LV-c
-----------------------------------------------------------------------------------------

Upgrade Log for IP 'system_ROPUF_6_0'

1. Summary
----------

SUCCESS in the upgrade of system_ROPUF_6_0 (caes:user:ROPUF:1.0) from (Rev. 11) to (Rev. 12)






Copyright 1986-2022 Xilinx, Inc. All Rights Reserved.
-----------------------------------------------------------------------------------------
| Tool Version : Vivado v.2022.2 (lin64) Build 3671981 Fri Oct 14 04:59:54 MDT 2022
| Date         : Sat Jun 10 17:52:45 2023
| Host         : xoc2.ewi.utwente.nl running 64-bit CentOS Linux release 7.9.2009 (Core)
| Command      : upgrade_ip
| Device       : xck26-sfvc784-2LV-c
-----------------------------------------------------------------------------------------

Upgrade Log for IP 'system_ROPUF_5_0'

1. Summary
----------

SUCCESS in the upgrade of system_ROPUF_5_0 (caes:user:ROPUF:1.0) from (Rev. 11) to (Rev. 12)






Copyright 1986-2022 Xilinx, Inc. All Rights Reserved.
-----------------------------------------------------------------------------------------
| Tool Version : Vivado v.2022.2 (lin64) Build 3671981 Fri Oct 14 04:59:54 MDT 2022
| Date         : Sat Jun 10 17:52:45 2023
| Host         : xoc2.ewi.utwente.nl running 64-bit CentOS Linux release 7.9.2009 (Core)
| Command      : upgrade_ip
| Device       : xck26-sfvc784-2LV-c
-----------------------------------------------------------------------------------------

Upgrade Log for IP 'system_ROPUF_4_0'

1. Summary
----------

SUCCESS in the upgrade of system_ROPUF_4_0 (caes:user:ROPUF:1.0) from (Rev. 11) to (Rev. 12)






Copyright 1986-2022 Xilinx, Inc. All Rights Reserved.
-----------------------------------------------------------------------------------------
| Tool Version : Vivado v.2022.2 (lin64) Build 3671981 Fri Oct 14 04:59:54 MDT 2022
| Date         : Sat Jun 10 17:52:45 2023
| Host         : xoc2.ewi.utwente.nl running 64-bit CentOS Linux release 7.9.2009 (Core)
| Command      : upgrade_ip
| Device       : xck26-sfvc784-2LV-c
-----------------------------------------------------------------------------------------

Upgrade Log for IP 'system_ROPUF_3_0'

1. Summary
----------

SUCCESS in the upgrade of system_ROPUF_3_0 (caes:user:ROPUF:1.0) from (Rev. 11) to (Rev. 12)






Copyright 1986-2022 Xilinx, Inc. All Rights Reserved.
-----------------------------------------------------------------------------------------
| Tool Version : Vivado v.2022.2 (lin64) Build 3671981 Fri Oct 14 04:59:54 MDT 2022
| Date         : Sat Jun 10 17:52:45 2023
| Host         : xoc2.ewi.utwente.nl running 64-bit CentOS Linux release 7.9.2009 (Core)
| Command      : upgrade_ip
| Device       : xck26-sfvc784-2LV-c
-----------------------------------------------------------------------------------------

Upgrade Log for IP 'system_ROPUF_2_0'

1. Summary
----------

SUCCESS in the upgrade of system_ROPUF_2_0 (caes:user:ROPUF:1.0) from (Rev. 11) to (Rev. 12)






Copyright 1986-2022 Xilinx, Inc. All Rights Reserved.
-----------------------------------------------------------------------------------------
| Tool Version : Vivado v.2022.2 (lin64) Build 3671981 Fri Oct 14 04:59:54 MDT 2022
| Date         : Sat Jun 10 17:52:44 2023
| Host         : xoc2.ewi.utwente.nl running 64-bit CentOS Linux release 7.9.2009 (Core)
| Command      : upgrade_ip
| Device       : xck26-sfvc784-2LV-c
-----------------------------------------------------------------------------------------

Upgrade Log for IP 'system_ROPUF_1_0'

1. Summary
----------

SUCCESS in the upgrade of system_ROPUF_1_0 (caes:user:ROPUF:1.0) from (Rev. 11) to (Rev. 12)






Copyright 1986-2022 Xilinx, Inc. All Rights Reserved.
-----------------------------------------------------------------------------------------
| Tool Version : Vivado v.2022.2 (lin64) Build 3671981 Fri Oct 14 04:59:54 MDT 2022
| Date         : Sat Jun 10 17:52:44 2023
| Host         : xoc2.ewi.utwente.nl running 64-bit CentOS Linux release 7.9.2009 (Core)
| Command      : upgrade_ip
| Device       : xck26-sfvc784-2LV-c
-----------------------------------------------------------------------------------------

Upgrade Log for IP 'system_ROPUF_0_4'

1. Summary
----------

SUCCESS in the upgrade of system_ROPUF_0_4 (caes:user:ROPUF:1.0) from (Rev. 11) to (Rev. 12)






Copyright 1986-2022 Xilinx, Inc. All Rights Reserved.
-----------------------------------------------------------------------------------------
| Tool Version : Vivado v.2022.2 (lin64) Build 3671981 Fri Oct 14 04:59:54 MDT 2022
| Date         : Sat Jun 10 17:49:51 2023
| Host         : xoc2.ewi.utwente.nl running 64-bit CentOS Linux release 7.9.2009 (Core)
| Command      : upgrade_ip
| Device       : xck26-sfvc784-2LV-c
-----------------------------------------------------------------------------------------

Upgrade Log for IP 'system_ROPUF_7_0'

1. Summary
----------

SUCCESS in the conversion of system_ROPUF_7_0 (caes:user:ROPUF:1.0 (Rev. 11)) to Vivado generation flows.






Copyright 1986-2022 Xilinx, Inc. All Rights Reserved.
-----------------------------------------------------------------------------------------
| Tool Version : Vivado v.2022.2 (lin64) Build 3671981 Fri Oct 14 04:59:54 MDT 2022
| Date         : Sat Jun 10 17:49:51 2023
| Host         : xoc2.ewi.utwente.nl running 64-bit CentOS Linux release 7.9.2009 (Core)
| Command      : upgrade_ip
| Device       : xck26-sfvc784-2LV-c
-----------------------------------------------------------------------------------------

Upgrade Log for IP 'system_ROPUF_6_0'

1. Summary
----------

SUCCESS in the conversion of system_ROPUF_6_0 (caes:user:ROPUF:1.0 (Rev. 11)) to Vivado generation flows.






Copyright 1986-2022 Xilinx, Inc. All Rights Reserved.
-----------------------------------------------------------------------------------------
| Tool Version : Vivado v.2022.2 (lin64) Build 3671981 Fri Oct 14 04:59:54 MDT 2022
| Date         : Sat Jun 10 17:49:50 2023
| Host         : xoc2.ewi.utwente.nl running 64-bit CentOS Linux release 7.9.2009 (Core)
| Command      : upgrade_ip
| Device       : xck26-sfvc784-2LV-c
-----------------------------------------------------------------------------------------

Upgrade Log for IP 'system_ROPUF_5_0'

1. Summary
----------

SUCCESS in the conversion of system_ROPUF_5_0 (caes:user:ROPUF:1.0 (Rev. 11)) to Vivado generation flows.






Copyright 1986-2022 Xilinx, Inc. All Rights Reserved.
-----------------------------------------------------------------------------------------
| Tool Version : Vivado v.2022.2 (lin64) Build 3671981 Fri Oct 14 04:59:54 MDT 2022
| Date         : Sat Jun 10 17:49:50 2023
| Host         : xoc2.ewi.utwente.nl running 64-bit CentOS Linux release 7.9.2009 (Core)
| Command      : upgrade_ip
| Device       : xck26-sfvc784-2LV-c
-----------------------------------------------------------------------------------------

Upgrade Log for IP 'system_ROPUF_4_0'

1. Summary
----------

SUCCESS in the conversion of system_ROPUF_4_0 (caes:user:ROPUF:1.0 (Rev. 11)) to Vivado generation flows.






Copyright 1986-2022 Xilinx, Inc. All Rights Reserved.
-----------------------------------------------------------------------------------------
| Tool Version : Vivado v.2022.2 (lin64) Build 3671981 Fri Oct 14 04:59:54 MDT 2022
| Date         : Sat Jun 10 17:49:50 2023
| Host         : xoc2.ewi.utwente.nl running 64-bit CentOS Linux release 7.9.2009 (Core)
| Command      : upgrade_ip
| Device       : xck26-sfvc784-2LV-c
-----------------------------------------------------------------------------------------

Upgrade Log for IP 'system_ROPUF_3_0'

1. Summary
----------

SUCCESS in the conversion of system_ROPUF_3_0 (caes:user:ROPUF:1.0 (Rev. 11)) to Vivado generation flows.






Copyright 1986-2022 Xilinx, Inc. All Rights Reserved.
-----------------------------------------------------------------------------------------
| Tool Version : Vivado v.2022.2 (lin64) Build 3671981 Fri Oct 14 04:59:54 MDT 2022
| Date         : Sat Jun 10 17:49:49 2023
| Host         : xoc2.ewi.utwente.nl running 64-bit CentOS Linux release 7.9.2009 (Core)
| Command      : upgrade_ip
| Device       : xck26-sfvc784-2LV-c
-----------------------------------------------------------------------------------------

Upgrade Log for IP 'system_ROPUF_2_0'

1. Summary
----------

SUCCESS in the conversion of system_ROPUF_2_0 (caes:user:ROPUF:1.0 (Rev. 11)) to Vivado generation flows.






Copyright 1986-2022 Xilinx, Inc. All Rights Reserved.
-----------------------------------------------------------------------------------------
| Tool Version : Vivado v.2022.2 (lin64) Build 3671981 Fri Oct 14 04:59:54 MDT 2022
| Date         : Sat Jun 10 17:49:49 2023
| Host         : xoc2.ewi.utwente.nl running 64-bit CentOS Linux release 7.9.2009 (Core)
| Command      : upgrade_ip
| Device       : xck26-sfvc784-2LV-c
-----------------------------------------------------------------------------------------

Upgrade Log for IP 'system_ROPUF_1_0'

1. Summary
----------

SUCCESS in the conversion of system_ROPUF_1_0 (caes:user:ROPUF:1.0 (Rev. 11)) to Vivado generation flows.






Copyright 1986-2022 Xilinx, Inc. All Rights Reserved.
-----------------------------------------------------------------------------------------
| Tool Version : Vivado v.2022.2 (lin64) Build 3671981 Fri Oct 14 04:59:54 MDT 2022
| Date         : Sat Jun 10 17:49:48 2023
| Host         : xoc2.ewi.utwente.nl running 64-bit CentOS Linux release 7.9.2009 (Core)
| Command      : upgrade_ip
| Device       : xck26-sfvc784-2LV-c
-----------------------------------------------------------------------------------------

Upgrade Log for IP 'system_ROPUF_0_4'

1. Summary
----------

SUCCESS in the conversion of system_ROPUF_0_4 (caes:user:ROPUF:1.0 (Rev. 11)) to Vivado generation flows.

